This is pdfTeX, Version 3.1415926-1.40.10 (TeX Live 2009/Debian) (format=pdflatex 2013.8.18)  18 SEP 2013 18:49
entering extended mode
 %&-line parsing enabled.
**lec_chap4stats
(./lec_chap4stats.tex
LaTeX2e <2009/09/24>
Babel <v3.8l> and hyphenation patterns for english, usenglishmax, dumylang, noh
yphenation, loaded.
(/usr/share/texmf-texlive/tex/latex/seminar/seminar.cls
Document Class: seminar 2008/10/15, 1.5
Document Style: `seminar' v1.5 <2008/10/15> (tvz)
\slidewidth=\dimen102
\slideheight=\dimen103
\footheight=\dimen104
(/usr/share/texmf-texlive/tex/latex/base/article.cls
Document Class: article 2007/10/19 v1.4h Standard LaTeX document class
(/usr/share/texmf-texlive/tex/latex/base/size10.clo
File: size10.clo 2007/10/19 v1.4h Standard LaTeX file (size option)
)
\c@part=\count79
\c@section=\count80
\c@subsection=\count81
\c@subsubsection=\count82
\c@paragraph=\count83
\c@subparagraph=\count84
\c@figure=\count85
\c@table=\count86
\abovecaptionskip=\skip41
\belowcaptionskip=\skip42
\bibindent=\dimen105
)
(/usr/share/texmf-texlive/tex/latex/seminar/sem-page.sty)
\before@document=\toks14
\after@document=\toks15
\before@enddocument=\toks16
\c@slide=\count87
\slide@count=\count88
\@slidebox=\box26
\not@slidebox=\box27
\slide@hook=\toks17
\after@slide=\toks18
\slide@footins=\insert233
\slide@listdepth=\count89
\saved@specials=\box28
\before@newslide=\toks19
\after@slidepage=\toks20
\slidesep=\skip43
\c@note=\count90
\slideframewidth=\dimen106
\slideframesep=\dimen107
\semin=\dimen108
\semcm=\dimen109
)
(/usr/share/texmf-texlive/tex/latex/seminar/seminar.bug)
(/usr/share/texmf-texlive/tex/latex/seminar/seminar.bg2
seminar.bg2: various corrections for the Seminar document class
added since seminar.bug and few add-ons for overlays
(Version 2.1 of <May 31, 2002> (D.G.))
\Seminar@SlideBoxBackground=\box29
) (/usr/share/texmf-texlive/tex/latex/amsfonts/amssymb.sty
Package: amssymb 2009/06/22 v3.00

(/usr/share/texmf-texlive/tex/latex/amsfonts/amsfonts.sty
Package: amsfonts 2009/06/22 v3.00 Basic AMSFonts support
\@emptytoks=\toks21
\symAMSa=\mathgroup4
\symAMSb=\mathgroup5
LaTeX Font Info:    Overwriting math alphabet `\mathfrak' in version `bold'
(Font)                  U/euf/m/n --> U/euf/b/n on input line 96.
))
(/usr/share/texmf-texlive/tex/latex/tools/bm.sty
Package: bm 2004/02/26 v1.1c Bold Symbol Support (DPC/FMi)
\symboldoperators=\mathgroup6
\symboldletters=\mathgroup7
\symboldsymbols=\mathgroup8
LaTeX Font Info:    Redeclaring math alphabet \mathbf on input line 138.
LaTeX Info: Redefining \bm on input line 204.
)
(/usr/share/texmf-texlive/tex/latex/stmaryrd/stmaryrd.sty
Package: stmaryrd 1994/03/03 St Mary's Road symbol package
\symstmry=\mathgroup9
LaTeX Font Info:    Overwriting symbol font `stmry' in version `bold'
(Font)                  U/stmry/m/n --> U/stmry/b/n on input line 89.
)
(/usr/share/texmf-texlive/tex/latex/pstricks/pstricks.sty
Package: pstricks 2008/11/26 v0.40 LaTeX wrapper for `PSTricks' (RN,HV)

(/usr/share/texmf-texlive/tex/generic/pstricks/pstricks.tex
`PSTricks' v1.29  <2009/05/19> (tvz)
\pst@dima=\dimen110
\pst@dimb=\dimen111
\pst@dimc=\dimen112
\pst@dimd=\dimen113
\pst@dimg=\dimen114
\pst@dimh=\dimen115
\pst@hbox=\box30
\pst@boxg=\box31
\pst@cnta=\count91
\pst@cntb=\count92
\pst@cntc=\count93
\pst@cntd=\count94
\pst@cntg=\count95
\pst@cnth=\count96
\pst@toks=\toks22
(/usr/share/texmf-texlive/tex/generic/pstricks/pstricks.con)
\psunit=\dimen116
\psxunit=\dimen117
\psyunit=\dimen118
\pslinewidth=\dimen119
\pst@customdefs=\toks23
\pslinearc=\dimen120
\everypsbox=\toks24
\psframesep=\dimen121
\pslabelsep=\dimen122
\pst@shift=\dimen123
\theoverlaybox=\box32
)
File: pstricks.tex 2009/05/19 v1.29 `PSTricks' (tvz,hv)

(/usr/share/texmf/tex/latex/xcolor/xcolor.sty
Package: xcolor 2007/01/21 v2.11 LaTeX color extensions (UK)

(/etc/texmf/tex/latex/config/color.cfg
File: color.cfg 2007/01/18 v1.5 color configuration of teTeX/TeXLive
)
Package xcolor Info: Driver file: pdftex.def on input line 225.

(/usr/share/texmf-texlive/tex/latex/pdftex-def/pdftex.def
File: pdftex.def 2010/03/12 v0.04p Graphics/color for pdfTeX
\Gread@gobject=\count97
)
Package xcolor Info: Model `cmy' substituted by `cmy0' on input line 1337.
Package xcolor Info: Model `hsb' substituted by `rgb' on input line 1341.
Package xcolor Info: Model `RGB' extended on input line 1353.
Package xcolor Info: Model `HTML' substituted by `rgb' on input line 1355.
Package xcolor Info: Model `Hsb' substituted by `hsb' on input line 1356.
Package xcolor Info: Model `tHsb' substituted by `hsb' on input line 1357.
Package xcolor Info: Model `HSB' substituted by `hsb' on input line 1358.
Package xcolor Info: Model `Gray' substituted by `gray' on input line 1359.
Package xcolor Info: Model `wave' substituted by `hsb' on input line 1360.
))
(/usr/share/texmf-texlive/tex/latex/graphics/graphicx.sty
Package: graphicx 1999/02/16 v1.0f Enhanced LaTeX Graphics (DPC,SPQR)

(/usr/share/texmf-texlive/tex/latex/graphics/keyval.sty
Package: keyval 1999/03/16 v1.13 key=value parser (DPC)
\KV@toks@=\toks25
)
(/usr/share/texmf-texlive/tex/latex/graphics/graphics.sty
Package: graphics 2009/02/05 v1.0o Standard LaTeX Graphics (DPC,SPQR)

(/usr/share/texmf-texlive/tex/latex/graphics/trig.sty
Package: trig 1999/03/16 v1.09 sin cos tan (DPC)
)
(/etc/texmf/tex/latex/config/graphics.cfg
File: graphics.cfg 2009/08/28 v1.8 graphics configuration of TeX Live
)
Package graphics Info: Driver file: pdftex.def on input line 91.
)
\Gin@req@height=\dimen124
\Gin@req@width=\dimen125
)
(/usr/share/texmf-texlive/tex/generic/epsf/epsf.sty
This is `epsf.tex' v2.7.3 <23 July 2005>
\epsffilein=\read1
\epsfframemargin=\dimen126
\epsfframethickness=\dimen127
\epsfrsize=\dimen128
\epsftmp=\dimen129
\epsftsize=\dimen130
\epsfxsize=\dimen131
\epsfysize=\dimen132
\pspoints=\dimen133
) (/usr/share/texmf-texlive/tex/latex/seminar/semcolor.sty
Style Option: `semcolor' for doc style `seminar' 1.01 <2004/05/18> (tvz)
File: semcolor.sty 2004/05/18 v1.01 (tvz)
) (/usr/share/texmf-texlive/tex/latex/fancybox/fancybox.sty
Package: fancybox 2000/09/19 1.3

Style option: `fancybox' v1.3 <2000/09/19> (tvz)
\@fancybox=\box33
\shadowsize=\dimen134
\@Sbox=\box34
\do@VerbBox=\toks26
\the@fancyput=\toks27
\this@fancyput=\toks28
\EndVerbatimTokens=\toks29
\Verbatim@Outfile=\write3
\Verbatim@Infile=\read2
) (/usr/share/texmf-texlive/tex/latex/seminar/slidesec.sty
File `slidesec.sty' v0.9  92/05/07  <tvz>
\@temptokenb=\toks30
\c@slidesection=\count98
\c@slidesubsection=\count99
) (/usr/share/texmf-texlive/tex/latex/fancyhdr/fancyhdr.sty
\fancy@headwidth=\skip44
\f@ncyO@elh=\skip45
\f@ncyO@erh=\skip46
\f@ncyO@olh=\skip47
\f@ncyO@orh=\skip48
\f@ncyO@elf=\skip49
\f@ncyO@erf=\skip50
\f@ncyO@olf=\skip51
\f@ncyO@orf=\skip52
)
No file lec_chap4stats.aux.
\openout1 = `lec_chap4stats.aux'.

LaTeX Font Info:    Checking defaults for OML/cmm/m/it on input line 45.
LaTeX Font Info:    ... okay on input line 45.
LaTeX Font Info:    Checking defaults for T1/cmr/m/n on input line 45.
LaTeX Font Info:    ... okay on input line 45.
LaTeX Font Info:    Checking defaults for OT1/cmr/m/n on input line 45.
LaTeX Font Info:    ... okay on input line 45.
LaTeX Font Info:    Checking defaults for OMS/cmsy/m/n on input line 45.
LaTeX Font Info:    ... okay on input line 45.
LaTeX Font Info:    Checking defaults for OMX/cmex/m/n on input line 45.
LaTeX Font Info:    ... okay on input line 45.
LaTeX Font Info:    Checking defaults for U/cmr/m/n on input line 45.
LaTeX Font Info:    ... okay on input line 45.
(/usr/share/texmf-texlive/tex/context/base/supp-pdf.mkii
[Loading MPS to PDF converter (version 2006.09.02).]
\scratchcounter=\count100
\scratchdimen=\dimen135
\scratchbox=\box35
\nofMPsegments=\count101
\nofMParguments=\count102
\everyMPshowfont=\toks31
\MPscratchCnt=\count103
\MPscratchDim=\dimen136
\MPnumerator=\count104
\everyMPtoPDFconversion=\toks32
)
LaTeX Font Info:    Try loading font information for U+msa on input line 58.
 (/usr/share/texmf-texlive/tex/latex/amsfonts/umsa.fd
File: umsa.fd 2009/06/22 v3.00 AMS symbols A
)
LaTeX Font Info:    Try loading font information for U+msb on input line 58.

(/usr/share/texmf-texlive/tex/latex/amsfonts/umsb.fd
File: umsb.fd 2009/06/22 v3.00 AMS symbols B
)
LaTeX Font Info:    Try loading font information for U+stmry on input line 58.

(/usr/share/texmf-texlive/tex/latex/stmaryrd/Ustmry.fd)
LaTeX Font Info:    Try loading font information for OMS+cmss on input line 60.

LaTeX Font Info:    No file OMScmss.fd. on input line 60.


LaTeX Font Warning: Font shape `OMS/cmss/m/n' undefined
(Font)              using `OMS/cmsy/m/n' instead
(Font)              for symbol `textbullet' on input line 60.


LaTeX Font Warning: Font shape `OT1/cmss/m/it' in size <8> not available
(Font)              Font shape `OT1/cmss/m/sl' tried instead on input line 71.


LaTeX Warning: Slide 1 overfull by 10.30237pt on input line 89.

<TTU-seal-bw.pdf, id=1, 60.225pt x 88.33pt>
File: TTU-seal-bw.pdf Graphic file (type pdf)
 <use TTU-seal-bw.pdf> [1

{/var/lib/texmf/fonts/map/pdftex/updmap/pdftex.map}
Non-PDF special ignored!
Non-PDF special ignored!
Non-PDF special ignored!


Non-PDF special ignored! <./TTU-seal-bw.pdf>]
File: TTU-seal-bw.pdf Graphic file (type pdf)
 <use TTU-seal-bw.pdf> [2


Non-PDF special ignored!]

LaTeX Warning: Slide 3 overfull by 6.37831pt on input line 175.

File: TTU-seal-bw.pdf Graphic file (type pdf)
<use TTU-seal-bw.pdf> [3


Non-PDF special ignored!]

LaTeX Warning: File `FsimCSRn50A.eps' not found on input line 192.


! LaTeX Error: Unknown graphics extension: .eps.

See the LaTeX manual or LaTeX Companion for explanation.
Type  H <return>  for immediate help.
 ...                                              
                                                  
l.192 ...{0.45}{\includegraphics{FsimCSRn50A.eps}}
                                                   \hspace{0.5cm}
? 

LaTeX Warning: File `FsimCSRn50B.eps' not found on input line 193.


! LaTeX Error: Unknown graphics extension: .eps.

See the LaTeX manual or LaTeX Companion for explanation.
Type  H <return>  for immediate help.
 ...                                              
                                                  
l.193 ...{0.45}{\includegraphics{FsimCSRn50B.eps}}
                                                  
? 

LaTeX Warning: File `FsimCSRn50bardminSD.eps' not found on input line 206.


! LaTeX Error: Unknown graphics extension: .eps.

See the LaTeX manual or LaTeX Companion for explanation.
Type  H <return>  for immediate help.
 ...                                              
                                                  
l.206 ...includegraphics{FsimCSRn50bardminSD.eps}}
                                                  
? 
File: TTU-seal-bw.pdf Graphic file (type pdf)
<use TTU-seal-bw.pdf> [4


Non-PDF special ignored!]

LaTeX Warning: File `FsimCSRn100A.eps' not found on input line 228.


! LaTeX Error: Unknown graphics extension: .eps.

See the LaTeX manual or LaTeX Companion for explanation.
Type  H <return>  for immediate help.
 ...                                              
                                                  
l.228 ...0.45}{\includegraphics{FsimCSRn100A.eps}}
                                                   \hspace{0.5cm}
? 

LaTeX Warning: File `FsimCSRn100B.eps' not found on input line 229.


! LaTeX Error: Unknown graphics extension: .eps.

See the LaTeX manual or LaTeX Companion for explanation.
Type  H <return>  for immediate help.
 ...                                              
                                                  
l.229 ...0.45}{\includegraphics{FsimCSRn100B.eps}}
                                                  
? 

LaTeX Warning: File `FsimCSRn100bardminSD.eps' not found on input line 242.


! LaTeX Error: Unknown graphics extension: .eps.

See the LaTeX manual or LaTeX Companion for explanation.
Type  H <return>  for immediate help.
 ...                                              
                                                  
l.242 ...ncludegraphics{FsimCSRn100bardminSD.eps}}
                                                  
? 
File: TTU-seal-bw.pdf Graphic file (type pdf)
<use TTU-seal-bw.pdf> [5


Non-PDF special ignored!]

LaTeX Warning: File `points_randstrat.eps' not found on input line 264.


! LaTeX Error: Unknown graphics extension: .eps.

See the LaTeX manual or LaTeX Companion for explanation.
Type  H <return>  for immediate help.
 ...                                              
                                                  
l.264 ...}{\includegraphics{points_randstrat.eps}}
                                                  
? 

LaTeX Warning: File `points_clust.eps' not found on input line 265.


! LaTeX Error: Unknown graphics extension: .eps.

See the LaTeX manual or LaTeX Companion for explanation.
Type  H <return>  for immediate help.
 ...                                              
                                                  
l.265 ...0.45}{\includegraphics{points_clust.eps}}
                                                  
? 

LaTeX Warning: File `FsimCSRn100bardminSD.eps' not found on input line 277.


! LaTeX Error: Unknown graphics extension: .eps.

See the LaTeX manual or LaTeX Companion for explanation.
Type  H <return>  for immediate help.
 ...                                              
                                                  
l.277 ...ncludegraphics{FsimCSRn100bardminSD.eps}}
                                                  
? 

LaTeX Font Warning: Font shape `OT1/cmss/m/it' in size <7> not available
(Font)              Font shape `OT1/cmss/m/sl' tried instead on input line 286.


File: TTU-seal-bw.pdf Graphic file (type pdf)
<use TTU-seal-bw.pdf> [6


Non-PDF special ignored!]

LaTeX Warning: File `points_rand.eps' not found on input line 305.


! LaTeX Error: Unknown graphics extension: .eps.

See the LaTeX manual or LaTeX Companion for explanation.
Type  H <return>  for immediate help.
 ...                                              
                                                  
l.305 ...{0.45}{\includegraphics{points_rand.eps}}
                                                  
? 

LaTeX Warning: File `FsimCSRn100bardminSDline.eps' not found on input line 315.



! LaTeX Error: Unknown graphics extension: .eps.

See the LaTeX manual or LaTeX Companion for explanation.
Type  H <return>  for immediate help.
 ...                                              
                                                  
l.315 ...degraphics{FsimCSRn100bardminSDline.eps}}
                                                  
? 
File: TTU-seal-bw.pdf Graphic file (type pdf)
<use TTU-seal-bw.pdf> [7


Non-PDF special ignored!]

LaTeX Warning: File `FxyRandClus.eps' not found on input line 344.


! LaTeX Error: Unknown graphics extension: .eps.

See the LaTeX manual or LaTeX Companion for explanation.
Type  H <return>  for immediate help.
 ...                                              
                                                  
l.344 ...{0.45}{\includegraphics{FxyRandClus.eps}}
                                                   \hspace{0.5cm}
? 

LaTeX Warning: File `FsimCSRn100bardminSDline2.eps' not found on input line 345
.


! LaTeX Error: Unknown graphics extension: .eps.

See the LaTeX manual or LaTeX Companion for explanation.
Type  H <return>  for immediate help.
 ...                                              
                                                  
l.345 ...egraphics{FsimCSRn100bardminSDline2.eps}}
                                                  
? 
File: TTU-seal-bw.pdf Graphic file (type pdf)
<use TTU-seal-bw.pdf> [8


Non-PDF special ignored!]

LaTeX Warning: File `FsimCSRn100bardminSDline2.eps' not found on input line 386
.


! LaTeX Error: Unknown graphics extension: .eps.

See the LaTeX manual or LaTeX Companion for explanation.
Type  H <return>  for immediate help.
 ...                                              
                                                  
l.386 ...egraphics{FsimCSRn100bardminSDline2.eps}}
                                                  
? 

LaTeX Warning: File `FsimCSRn100bardminSDcdf2.eps' not found on input line 388.



! LaTeX Error: Unknown graphics extension: .eps.

See the LaTeX manual or LaTeX Companion for explanation.
Type  H <return>  for immediate help.
 ...                                              
                                                  
l.388 ...degraphics{FsimCSRn100bardminSDcdf2.eps}}
                                                  
? 
File: TTU-seal-bw.pdf Graphic file (type pdf)
<use TTU-seal-bw.pdf> [9


Non-PDF special ignored!]

LaTeX Warning: File `FghatCSRn100SD.eps' not found on input line 436.


! LaTeX Error: Unknown graphics extension: .eps.

See the LaTeX manual or LaTeX Companion for explanation.
Type  H <return>  for immediate help.
 ...                                              
                                                  
l.436 ...50}{\includegraphics{FghatCSRn100SD.eps}}
                                                   \hspace{0.5cm}
? 

LaTeX Warning: File `FghatCSRn50SD.eps' not found on input line 437.


! LaTeX Error: Unknown graphics extension: .eps.

See the LaTeX manual or LaTeX Companion for explanation.
Type  H <return>  for immediate help.
 ...                                              
                                                  
l.437 ....50}{\includegraphics{FghatCSRn50SD.eps}}
                                                  
? 
File: TTU-seal-bw.pdf Graphic file (type pdf)
<use TTU-seal-bw.pdf> [10


Non-PDF special ignored!]

LaTeX Warning: File `points_randstrat.eps' not found on input line 475.


! LaTeX Error: Unknown graphics extension: .eps.

See the LaTeX manual or LaTeX Companion for explanation.
Type  H <return>  for immediate help.
 ...                                              
                                                  
l.475 ...}{\includegraphics{points_randstrat.eps}}
                                                  
? 

LaTeX Warning: File `points_clust.eps' not found on input line 476.


! LaTeX Error: Unknown graphics extension: .eps.

See the LaTeX manual or LaTeX Companion for explanation.
Type  H <return>  for immediate help.
 ...                                              
                                                  
l.476 ...0.45}{\includegraphics{points_clust.eps}}
                                                  
? 

LaTeX Warning: File `FghatCSRn100SDstrat.eps' not found on input line 486.


! LaTeX Error: Unknown graphics extension: .eps.

See the LaTeX manual or LaTeX Companion for explanation.
Type  H <return>  for immediate help.
 ...                                              
                                                  
l.486 ...includegraphics{FghatCSRn100SDstrat.eps}}
                                                  
? 

LaTeX Warning: File `FghatCSRn100SDclus.eps' not found on input line 488.


! LaTeX Error: Unknown graphics extension: .eps.

See the LaTeX manual or LaTeX Companion for explanation.
Type  H <return>  for immediate help.
 ...                                              
                                                  
l.488 ...\includegraphics{FghatCSRn100SDclus.eps}}
                                                  
? 
File: TTU-seal-bw.pdf Graphic file (type pdf)
<use TTU-seal-bw.pdf> [11


Non-PDF special ignored!]

LaTeX Warning: File `points_rand.eps' not found on input line 517.


! LaTeX Error: Unknown graphics extension: .eps.

See the LaTeX manual or LaTeX Companion for explanation.
Type  H <return>  for immediate help.
 ...                                              
                                                  
l.517 ...{0.45}{\includegraphics{points_rand.eps}}
                                                  
? 

LaTeX Warning: File `FghatCSRn100SDrand.eps' not found on input line 526.


! LaTeX Error: Unknown graphics extension: .eps.

See the LaTeX manual or LaTeX Companion for explanation.
Type  H <return>  for immediate help.
 ...                                              
                                                  
l.526 ...\includegraphics{FghatCSRn100SDrand.eps}}
                                                  
? 
File: TTU-seal-bw.pdf Graphic file (type pdf)
<use TTU-seal-bw.pdf> [12


Non-PDF special ignored!]

LaTeX Warning: Slide 13 overfull by 12.89635pt on input line 582.

File: TTU-seal-bw.pdf Graphic file (type pdf)
<use TTU-seal-bw.pdf> [13


Non-PDF special ignored!]
File: TTU-seal-bw.pdf Graphic file (type pdf)
 <use TTU-seal-bw.pdf> [14


Non-PDF special ignored!]

LaTeX Warning: Slide 15 overfull by 14.62683pt on input line 678.

File: TTU-seal-bw.pdf Graphic file (type pdf)
<use TTU-seal-bw.pdf> [15


Non-PDF special ignored!]

LaTeX Warning: File `points_rand.eps' not found on input line 692.


! LaTeX Error: Unknown graphics extension: .eps.

See the LaTeX manual or LaTeX Companion for explanation.
Type  H <return>  for immediate help.
 ...                                              
                                                  
l.692 ...{0.45}{\includegraphics{points_rand.eps}}
                                                   \hspace{0.5cm}
? 

LaTeX Warning: File `points_clust.eps' not found on input line 693.


! LaTeX Error: Unknown graphics extension: .eps.

See the LaTeX manual or LaTeX Companion for explanation.
Type  H <return>  for immediate help.
 ...                                              
                                                  
l.693 ...0.45}{\includegraphics{points_clust.eps}}
                                                  
? 

LaTeX Warning: File `FghatRandExp.eps' not found on input line 700.


! LaTeX Error: Unknown graphics extension: .eps.

See the LaTeX manual or LaTeX Companion for explanation.
Type  H <return>  for immediate help.
 ...                                              
                                                  
l.700 ...0.45}{\includegraphics{FghatRandExp.eps}}
                                                  
? 

LaTeX Warning: File `FghatClusterExp.eps' not found on input line 702.


! LaTeX Error: Unknown graphics extension: .eps.

See the LaTeX manual or LaTeX Companion for explanation.
Type  H <return>  for immediate help.
 ...                                              
                                                  
l.702 ...5}{\includegraphics{FghatClusterExp.eps}}
                                                  
? 
File: TTU-seal-bw.pdf Graphic file (type pdf)
<use TTU-seal-bw.pdf> [16


Non-PDF special ignored!]

LaTeX Warning: File `points_rand.eps' not found on input line 732.


! LaTeX Error: Unknown graphics extension: .eps.

See the LaTeX manual or LaTeX Companion for explanation.
Type  H <return>  for immediate help.
 ...                                              
                                                  
l.732 ...{0.45}{\includegraphics{points_rand.eps}}
                                                   \hspace{0.5cm}
? 

LaTeX Warning: File `points_clust.eps' not found on input line 733.


! LaTeX Error: Unknown graphics extension: .eps.

See the LaTeX manual or LaTeX Companion for explanation.
Type  H <return>  for immediate help.
 ...                                              
                                                  
l.733 ...0.45}{\includegraphics{points_clust.eps}}
                                                  
? 

LaTeX Warning: File `FfhatRandExp.eps' not found on input line 740.


! LaTeX Error: Unknown graphics extension: .eps.

See the LaTeX manual or LaTeX Companion for explanation.
Type  H <return>  for immediate help.
 ...                                              
                                                  
l.740 ...0.45}{\includegraphics{FfhatRandExp.eps}}
                                                  
? 

LaTeX Warning: File `FfhatClusterExp.eps' not found on input line 742.


! LaTeX Error: Unknown graphics extension: .eps.

See the LaTeX manual or LaTeX Companion for explanation.
Type  H <return>  for immediate help.
 ...                                              
                                                  
l.742 ...5}{\includegraphics{FfhatClusterExp.eps}}
                                                  
? 
File: TTU-seal-bw.pdf Graphic file (type pdf)
<use TTU-seal-bw.pdf> [17


Non-PDF special ignored!]

LaTeX Warning: File `points_randstrat.eps' not found on input line 773.


! LaTeX Error: Unknown graphics extension: .eps.

See the LaTeX manual or LaTeX Companion for explanation.
Type  H <return>  for immediate help.
 ...                                              
                                                  
l.773 ...}{\includegraphics{points_randstrat.eps}}
                                                  
? 

LaTeX Warning: File `FghatRandStratExp.eps' not found on input line 781.


! LaTeX Error: Unknown graphics extension: .eps.

See the LaTeX manual or LaTeX Companion for explanation.
Type  H <return>  for immediate help.
 ...                                              
                                                  
l.781 ...{\includegraphics{FghatRandStratExp.eps}}
                                                  
? 

LaTeX Warning: File `FfhatRandStratExp.eps' not found on input line 783.


! LaTeX Error: Unknown graphics extension: .eps.

See the LaTeX manual or LaTeX Companion for explanation.
Type  H <return>  for immediate help.
 ...                                              
                                                  
l.783 ...{\includegraphics{FfhatRandStratExp.eps}}
                                                  
? 
File: TTU-seal-bw.pdf Graphic file (type pdf)
<use TTU-seal-bw.pdf> [18


Non-PDF special ignored!]

LaTeX Warning: File `Fkfunction.eps' not found on input line 826.


! LaTeX Error: Unknown graphics extension: .eps.

See the LaTeX manual or LaTeX Companion for explanation.
Type  H <return>  for immediate help.
 ...                                              
                                                  
l.826 ...x{0.30}{\includegraphics{Fkfunction.eps}}
                                                  
? 
File: TTU-seal-bw.pdf Graphic file (type pdf)
<use TTU-seal-bw.pdf> [19


Non-PDF special ignored!]
File: TTU-seal-bw.pdf Graphic file (type pdf)
 <use TTU-seal-bw.pdf> [20


Non-PDF special ignored!]

LaTeX Warning: File `points_rand.eps' not found on input line 886.


! LaTeX Error: Unknown graphics extension: .eps.

See the LaTeX manual or LaTeX Companion for explanation.
Type  H <return>  for immediate help.
 ...                                              
                                                  
l.886 ...{0.45}{\includegraphics{points_rand.eps}}
                                                   \hspace{0.5cm}
? 

LaTeX Warning: File `points_clust.eps' not found on input line 887.


! LaTeX Error: Unknown graphics extension: .eps.

See the LaTeX manual or LaTeX Companion for explanation.
Type  H <return>  for immediate help.
 ...                                              
                                                  
l.887 ...0.45}{\includegraphics{points_clust.eps}}
                                                  
? 

LaTeX Warning: File `FlhatRand.eps' not found on input line 895.


! LaTeX Error: Unknown graphics extension: .eps.

See the LaTeX manual or LaTeX Companion for explanation.
Type  H <return>  for immediate help.
 ...                                              
                                                  
l.895 ...ox{0.45}{\includegraphics{FlhatRand.eps}}
                                                   \hspace{0.3cm}
? 

LaTeX Warning: File `FlhatClus.eps' not found on input line 896.


! LaTeX Error: Unknown graphics extension: .eps.

See the LaTeX manual or LaTeX Companion for explanation.
Type  H <return>  for immediate help.
 ...                                              
                                                  
l.896 ...ox{0.45}{\includegraphics{FlhatClus.eps}}
                                                  
? 
File: TTU-seal-bw.pdf Graphic file (type pdf)
<use TTU-seal-bw.pdf> [21


Non-PDF special ignored!]
File: TTU-seal-bw.pdf Graphic file (type pdf)
 <use TTU-seal-bw.pdf> [22


Non-PDF special ignored!] (./lec_chap4stats.aux)

LaTeX Font Warning: Some font shapes were not available, defaults substituted.

 ) 
Here is how much of TeX's memory you used:
 3731 strings out of 495061
 44398 string characters out of 1182621
 118460 words of memory out of 3000000
 6827 multiletter control sequences out of 15000+50000
 16274 words of font info for 60 fonts, out of 3000000 for 9000
 28 hyphenation exceptions out of 8191
 30i,16n,43p,247b,587s stack positions out of 5000i,500n,10000p,200000b,50000s
</usr/share/texmf-texlive/fonts/type1/public/amsfonts/cm/cmbx7.pfb></usr/shar
e/texmf-texlive/fonts/type1/public/amsfonts/cm/cmbx8.pfb></usr/share/texmf-texl
ive/fonts/type1/public/amsfonts/cmextra/cmex8.pfb></usr/share/texmf-texlive/fon
ts/type1/public/amsfonts/cm/cmmi5.pfb></usr/share/texmf-texlive/fonts/type1/pub
lic/amsfonts/cm/cmmi6.pfb></usr/share/texmf-texlive/fonts/type1/public/amsfonts
/cm/cmmi7.pfb></usr/share/texmf-texlive/fonts/type1/public/amsfonts/cm/cmmi8.pf
b></usr/share/texmf-texlive/fonts/type1/public/amsfonts/cm/cmr5.pfb></usr/share
/texmf-texlive/fonts/type1/public/amsfonts/cm/cmr6.pfb></usr/share/texmf-texliv
e/fonts/type1/public/amsfonts/cm/cmr7.pfb></usr/share/texmf-texlive/fonts/type1
/public/amsfonts/cm/cmr8.pfb></usr/share/texmf-texlive/fonts/type1/public/amsfo
nts/cm/cmss8.pfb></usr/share/texmf-texlive/fonts/type1/public/amsfonts/cm/cmssb
x10.pfb></usr/share/texmf-texlive/fonts/type1/public/amsfonts/cm/cmssi8.pfb></u
sr/share/texmf-texlive/fonts/type1/public/amsfonts/cm/cmsy5.pfb></usr/share/tex
mf-texlive/fonts/type1/public/amsfonts/cm/cmsy6.pfb></usr/share/texmf-texlive/f
onts/type1/public/amsfonts/cm/cmsy7.pfb></usr/share/texmf-texlive/fonts/type1/p
ublic/amsfonts/cm/cmsy8.pfb></usr/share/texmf-texlive/fonts/type1/public/amsfon
ts/cm/cmti8.pfb>
Output written on lec_chap4stats.pdf (22 pages, 1161748 bytes).
PDF statistics:
 178 PDF objects out of 1000 (max. 8388607)
 0 named destinations out of 1000 (max. 500000)
 6 words of extra memory for PDF output out of 10000 (max. 10000000)

